<?xml version="1.0" encoding="utf-8"?><testsuites name="pytest tests"><testsuite name="pytest" errors="0" failures="0" skipped="1" tests="62" time="1.873" timestamp="2026-09-24T07:02:58.528222+00:00" hostname="e14286aa6c74"><testcase classname="" name="tests.test_http_flask" time="0.000"><skipped message="collection skipped">('/mnt/data/fan-hub-plus-v2/backend/tests/test_http_flask.py', 3, 'Skipped: Flask could not be installed in the authoring environment; run after pip install -r requirements-dev.txt')</skipped></testcase><testcase classname="tests.test_auth" name="test_registration_normalizes_and_forces_member" time="0.147" /><testcase classname="tests.test_auth" name="test_duplicate_email_rejected" time="0.062" /><testcase classname="tests.test_auth" name="test_login_generic_error[missing@test.example-TestPassword!26]" time="0.057" /><testcase classname="tests.test_auth" name="test_login_generic_error[alice@test.example-wrong]" time="0.060" /><testcase classname="tests.test_auth" name="test_verification_required" time="0.062" /><testcase classname="tests.test_auth" name="test_session_hash_and_revocation" time="0.083" /><testcase classname="tests.test_auth" name="test_expired_and_suspended_sessions" time="0.091" /><testcase classname="tests.test_auth" name="test_token_purpose_separation_and_replay" time="0.018" /><testcase classname="tests.test_auth" name="test_new_link_supersedes_old" time="0.017" /><testcase classname="tests.test_auth" name="test_expired_token_rejected" time="0.014" /><testcase classname="tests.test_auth" name="test_reset_revokes_all_sessions" time="0.402" /><testcase classname="tests.test_catalog_library" name="test_nonpublic_content_hidden[draft]" time="0.021" /><testcase classname="tests.test_catalog_library" name="test_nonpublic_content_hidden[archived]" time="0.018" /><testcase classname="tests.test_catalog_library" name="test_nonpublic_content_hidden[future]" time="0.019" /><testcase classname="tests.test_catalog_library" name="test_public_filters_and_search_metacharacters" time="0.028" /><testcase classname="tests.test_catalog_library" name="test_pagination_stable_and_bounded" time="0.021" /><testcase classname="tests.test_catalog_library" name="test_admin_required_for_publication" time="0.013" /><testcase classname="tests.test_catalog_library" name="test_category_fandom_integrity" time="0.017" /><testcase classname="tests.test_catalog_library" name="test_optimistic_version_conflict" time="0.018" /><testcase classname="tests.test_catalog_library" name="test_resource_kind_cannot_change" time="0.013" /><testcase classname="tests.test_catalog_library" name="test_owner_scoped_bookmarks_and_idempotent_put" time="0.019" /><testcase classname="tests.test_catalog_library" name="test_archived_bookmark_keeps_note_not_title" time="0.017" /><testcase classname="tests.test_catalog_library" name="test_bookmark_foreign_key" time="0.011" /><testcase classname="tests.test_catalog_library" name="test_bookmark_unique_constraint" time="0.013" /><testcase classname="tests.test_catalog_library" name="test_rating_upsert_and_aggregate" time="0.018" /><testcase classname="tests.test_catalog_library" name="test_database_rating_check[0]" time="0.012" /><testcase classname="tests.test_catalog_library" name="test_database_rating_check[6]" time="0.013" /><testcase classname="tests.test_migrations_contract" name="test_migration_upgrade_and_downgrade_sqlite" time="0.059" /><testcase classname="tests.test_migrations_contract" name="test_mysql_ddl_compiles_not_live_database" time="0.005" /><testcase classname="tests.test_migrations_contract" name="test_openapi_local_references_and_endpoints" time="0.002" /><testcase classname="tests.test_migrations_contract" name="test_mysql_offline_migration_preserves_circular_foreign_keys" time="0.018" /><testcase classname="tests.test_moderation" name="test_pending_never_public_and_owner_list" time="0.015" /><testcase classname="tests.test_moderation" name="test_approval_atomic_and_exactly_one_resource" time="0.018" /><testcase classname="tests.test_moderation" name="test_caller_rollback_restores_approval" time="0.016" /><testcase classname="tests.test_moderation" name="test_rejection_no_resource" time="0.014" /><testcase classname="tests.test_moderation" name="test_cannot_self_review" time="0.013" /><testcase classname="tests.test_seed_schema" name="test_schema_has_expected_tables" time="0.009" /><testcase classname="tests.test_seed_schema" name="test_seed_safe_and_idempotent" time="0.200" /><testcase classname="tests.test_validation_events" name="test_rating_input_strict[0]" time="0.000" /><testcase classname="tests.test_validation_events" name="test_rating_input_strict[6]" time="0.000" /><testcase classname="tests.test_validation_events" name="test_rating_input_strict[1.2]" time="0.000" /><testcase classname="tests.test_validation_events" name="test_rating_input_strict[True]" time="0.000" /><testcase classname="tests.test_validation_events" name="test_rating_input_strict[5]" time="0.000" /><testcase classname="tests.test_validation_events" name="test_role_mass_assignment_rejected" time="0.000" /><testcase classname="tests.test_validation_events" name="test_blank_name_rejected" time="0.000" /><testcase classname="tests.test_validation_events" name="test_event_validation[latitude-91]" time="0.000" /><testcase classname="tests.test_validation_events" name="test_event_validation[longitude-181]" time="0.000" /><testcase classname="tests.test_validation_events" name="test_event_validation[latitude-nan]" time="0.000" /><testcase classname="tests.test_validation_events" name="test_event_validation[ticket_url-javascript:alert(1)]" time="0.000" /><testcase classname="tests.test_validation_events" name="test_event_validation[ticket_url-https://user:pass@example.com]" time="0.000" /><testcase classname="tests.test_validation_events" name="test_event_validation[timezone_name-Bad/Timezone]" time="0.001" /><testcase classname="tests.test_validation_events" name="test_event_validation[starts_at-2026-10-01T10:00:00]" time="0.000" /><testcase classname="tests.test_validation_events" name="test_time_order" time="0.000" /><testcase classname="tests.test_validation_events" name="test_coordinate_pair" time="0.000" /><testcase classname="tests.test_validation_events" name="test_page_limit" time="0.000" /><testcase classname="tests.test_validation_events" name="test_rejection_feedback_required" time="0.000" /><testcase classname="tests.test_validation_events" name="test_ownership_required" time="0.000" /><testcase classname="tests.test_validation_events" name="test_haversine_sanity" time="0.001" /><testcase classname="tests.test_validation_events" name="test_event_radius_before_pagination" time="0.022" /><testcase classname="tests.test_validation_events" name="test_dateline_nearby" time="0.020" /><testcase classname="tests.test_validation_events" name="test_ics_escape_folding_and_utc" time="0.014" /></testsuite></testsuites>